<?xml version="1.0" encoding="UTF-8"?>
<!-- Generated by org.testng.reporters.JUnitXMLReporter -->
<testsuite ignored="0" hostname="LAPTOP-U67VVUK3" failures="0" tests="9" name="Default test" time="0.059" errors="0" timestamp="2021-11-08T17:17:37 BRT">
  <testcase classname="prime_factors.PrimeFactorsTest" name="testPrimeFactors" time="0.007"/>
  <testcase classname="prime_factors.PrimeFactorsTest" name="testPrimeFactors" time="0.001"/>
  <testcase classname="prime_factors.PrimeFactorsTest" name="testPrimeFactors" time="0.001"/>
  <testcase classname="prime_factors.PrimeFactorsTest" name="testPrimeFactors" time="0.001"/>
  <testcase classname="prime_factors.PrimeFactorsTest" name="testPrimeFactors" time="0.001"/>
  <testcase classname="prime_factors.PrimeFactorsTest" name="testPrimeFactors" time="0.001"/>
  <testcase classname="prime_factors.PrimeFactorsTest" name="testPrimeFactors" time="0.001"/>
  <testcase classname="prime_factors.PrimeFactorsTest" name="testPrimeFactors" time="0.001"/>
  <testcase classname="prime_factors.PrimeFactorsTest" name="testPrimeFactors" time="0.0"/>
</testsuite> <!-- Default test -->
