<?xml version="1.0" encoding="UTF-8"?>
<!-- Generated by org.testng.reporters.JUnitXMLReporter -->
<testsuite ignored="0" hostname="LAPTOP-U67VVUK3" failures="0" tests="5" name="Default test" time="0.051" errors="0" timestamp="2021-11-08T12:22:39 BRT">
  <testcase classname="fahrenheit.ConverterTestDataProvider" name="testMultipleArguments" time="0.008"/>
  <testcase classname="fahrenheit.ConverterTestDataProvider" name="testMultipleArguments" time="0.001"/>
  <testcase classname="fahrenheit.ConverterTestDataProvider" name="testMultipleArguments" time="0.001"/>
  <testcase classname="fahrenheit.ConverterTestDataProvider" name="testMultipleArguments" time="0.001"/>
  <testcase classname="fahrenheit.ConverterTestDataProvider" name="testMultipleArguments" time="0.001"/>
</testsuite> <!-- Default test -->
