<?xml version="1.0" encoding="UTF-8"?>
<testng-results ignored="0" total="9" passed="9" failed="0" skipped="0">
  <reporter-output>
  </reporter-output>
  <suite started-at="2021-11-08T17:17:37 BRT" name="Default suite" finished-at="2021-11-08T17:17:37 BRT" duration-ms="59">
    <groups>
    </groups>
    <test started-at="2021-11-08T17:17:37 BRT" name="Default test" finished-at="2021-11-08T17:17:37 BRT" duration-ms="59">
      <class name="prime_factors.PrimeFactorsTest">
        <test-method signature="testPrimeFactors(java.util.List,int)[pri:0, instance:prime_factors.PrimeFactorsTest@10959ece]" started-at="2021-11-08T17:17:37 BRT" name="testPrimeFactors" data-provider="test prime factors" finished-at="2021-11-08T17:17:37 BRT" duration-ms="7" status="PASS">
          <params>
            <param index="0">
              <value>
                <![CDATA[[]]]>
              </value>
            </param>
            <param index="1">
              <value>
                <![CDATA[1]]>
              </value>
            </param>
          </params>
          <reporter-output>
          </reporter-output>
        </test-method> <!-- testPrimeFactors -->
        <test-method signature="testPrimeFactors(java.util.List,int)[pri:0, instance:prime_factors.PrimeFactorsTest@10959ece]" started-at="2021-11-08T17:17:37 BRT" name="testPrimeFactors" data-provider="test prime factors" finished-at="2021-11-08T17:17:37 BRT" duration-ms="1" status="PASS">
          <params>
            <param index="0">
              <value>
                <![CDATA[[2]]]>
              </value>
            </param>
            <param index="1">
              <value>
                <![CDATA[2]]>
              </value>
            </param>
          </params>
          <reporter-output>
          </reporter-output>
        </test-method> <!-- testPrimeFactors -->
        <test-method signature="testPrimeFactors(java.util.List,int)[pri:0, instance:prime_factors.PrimeFactorsTest@10959ece]" started-at="2021-11-08T17:17:37 BRT" name="testPrimeFactors" data-provider="test prime factors" finished-at="2021-11-08T17:17:37 BRT" duration-ms="1" status="PASS">
          <params>
            <param index="0">
              <value>
                <![CDATA[[3]]]>
              </value>
            </param>
            <param index="1">
              <value>
                <![CDATA[3]]>
              </value>
            </param>
          </params>
          <reporter-output>
          </reporter-output>
        </test-method> <!-- testPrimeFactors -->
        <test-method signature="testPrimeFactors(java.util.List,int)[pri:0, instance:prime_factors.PrimeFactorsTest@10959ece]" started-at="2021-11-08T17:17:37 BRT" name="testPrimeFactors" data-provider="test prime factors" finished-at="2021-11-08T17:17:37 BRT" duration-ms="1" status="PASS">
          <params>
            <param index="0">
              <value>
                <![CDATA[[2, 2]]]>
              </value>
            </param>
            <param index="1">
              <value>
                <![CDATA[4]]>
              </value>
            </param>
          </params>
          <reporter-output>
          </reporter-output>
        </test-method> <!-- testPrimeFactors -->
        <test-method signature="testPrimeFactors(java.util.List,int)[pri:0, instance:prime_factors.PrimeFactorsTest@10959ece]" started-at="2021-11-08T17:17:37 BRT" name="testPrimeFactors" data-provider="test prime factors" finished-at="2021-11-08T17:17:37 BRT" duration-ms="1" status="PASS">
          <params>
            <param index="0">
              <value>
                <![CDATA[[5]]]>
              </value>
            </param>
            <param index="1">
              <value>
                <![CDATA[5]]>
              </value>
            </param>
          </params>
          <reporter-output>
          </reporter-output>
        </test-method> <!-- testPrimeFactors -->
        <test-method signature="testPrimeFactors(java.util.List,int)[pri:0, instance:prime_factors.PrimeFactorsTest@10959ece]" started-at="2021-11-08T17:17:37 BRT" name="testPrimeFactors" data-provider="test prime factors" finished-at="2021-11-08T17:17:37 BRT" duration-ms="1" status="PASS">
          <params>
            <param index="0">
              <value>
                <![CDATA[[2, 3]]]>
              </value>
            </param>
            <param index="1">
              <value>
                <![CDATA[6]]>
              </value>
            </param>
          </params>
          <reporter-output>
          </reporter-output>
        </test-method> <!-- testPrimeFactors -->
        <test-method signature="testPrimeFactors(java.util.List,int)[pri:0, instance:prime_factors.PrimeFactorsTest@10959ece]" started-at="2021-11-08T17:17:37 BRT" name="testPrimeFactors" data-provider="test prime factors" finished-at="2021-11-08T17:17:37 BRT" duration-ms="1" status="PASS">
          <params>
            <param index="0">
              <value>
                <![CDATA[[7]]]>
              </value>
            </param>
            <param index="1">
              <value>
                <![CDATA[7]]>
              </value>
            </param>
          </params>
          <reporter-output>
          </reporter-output>
        </test-method> <!-- testPrimeFactors -->
        <test-method signature="testPrimeFactors(java.util.List,int)[pri:0, instance:prime_factors.PrimeFactorsTest@10959ece]" started-at="2021-11-08T17:17:37 BRT" name="testPrimeFactors" data-provider="test prime factors" finished-at="2021-11-08T17:17:37 BRT" duration-ms="1" status="PASS">
          <params>
            <param index="0">
              <value>
                <![CDATA[[2, 2, 2]]]>
              </value>
            </param>
            <param index="1">
              <value>
                <![CDATA[8]]>
              </value>
            </param>
          </params>
          <reporter-output>
          </reporter-output>
        </test-method> <!-- testPrimeFactors -->
        <test-method signature="testPrimeFactors(java.util.List,int)[pri:0, instance:prime_factors.PrimeFactorsTest@10959ece]" started-at="2021-11-08T17:17:37 BRT" name="testPrimeFactors" data-provider="test prime factors" finished-at="2021-11-08T17:17:37 BRT" duration-ms="0" status="PASS">
          <params>
            <param index="0">
              <value>
                <![CDATA[[3, 3]]]>
              </value>
            </param>
            <param index="1">
              <value>
                <![CDATA[9]]>
              </value>
            </param>
          </params>
          <reporter-output>
          </reporter-output>
        </test-method> <!-- testPrimeFactors -->
      </class> <!-- prime_factors.PrimeFactorsTest -->
    </test> <!-- Default test -->
  </suite> <!-- Default suite -->
</testng-results>
