<?xml version="1.0" encoding="UTF-8"?>
<testng-results ignored="0" total="1" passed="1" failed="0" skipped="0">
  <reporter-output>
  </reporter-output>
  <suite started-at="2021-11-08T17:09:16 BRT" name="Default suite" finished-at="2021-11-08T17:09:16 BRT" duration-ms="44">
    <groups>
    </groups>
    <test started-at="2021-11-08T17:09:16 BRT" name="Default test" finished-at="2021-11-08T17:09:16 BRT" duration-ms="44">
      <class name="prime_factors.PrimeFactorsTest">
        <test-method signature="testPrimeFa(int)[pri:0, instance:prime_factors.PrimeFactorsTest@10959ece]" started-at="2021-11-08T17:09:16 BRT" name="testPrimeFa" data-provider="test prime factors" finished-at="2021-11-08T17:09:16 BRT" duration-ms="6" status="PASS">
          <params>
            <param index="0">
              <value>
                <![CDATA[9]]>
              </value>
            </param>
          </params>
          <reporter-output>
          </reporter-output>
        </test-method> <!-- testPrimeFa -->
      </class> <!-- prime_factors.PrimeFactorsTest -->
    </test> <!-- Default test -->
  </suite> <!-- Default suite -->
</testng-results>
